[2026-06-09 17:02:57] [INFO    ] LOGIN_SUCCESS — User: Ryan Sahdev
[2026-06-09 17:03:30] [WARN    ] SUDO_ATTEMPT — apt delete
[2026-06-09 17:03:30] [CRITICAL] SUDO_BLOCKED — apt delete
[2026-06-09 17:03:37] [WARN    ] SUDO_ATTEMPT — apt delete
[2026-06-09 17:03:37] [CRITICAL] SUDO_BLOCKED — apt delete
[2026-06-09 17:03:41] [WARN    ] SUDO_ATTEMPT — delete
[2026-06-09 17:03:48] [WARN    ] SUDO_ATTEMPT — apt delete
[2026-06-09 17:03:48] [CRITICAL] SUDO_BLOCKED — apt delete
[2026-06-09 17:04:33] [WARN    ] SUDO_ATTEMPT — apt delete
[2026-06-09 17:04:33] [CRITICAL] SUDO_BLOCKED — apt delete
[2026-06-09 17:04:35] [WARN    ] SUDO_ATTEMPT — apt delete
[2026-06-09 17:04:35] [CRITICAL] SUDO_BLOCKED — apt delete
[2026-06-09 17:04:36] [WARN    ] SUDO_ATTEMPT — apt delete
[2026-06-09 17:04:37] [CRITICAL] SUDO_BLOCKED — apt delete
[2026-06-09 17:04:38] [WARN    ] SUDO_ATTEMPT — apt delete
[2026-06-09 17:04:38] [CRITICAL] SUDO_BLOCKED — apt delete
[2026-06-09 17:04:57] [WARN    ] LOGIN_FAIL — Attempt 1/5 — User: Ryan Sahdev
[2026-06-09 17:04:57] [WARN    ] LOGIN_FAIL — Attempt 2/5 — User: Ryan Sahdev
[2026-06-09 17:04:57] [WARN    ] LOGIN_FAIL — Attempt 3/5 — User: Ryan Sahdev
[2026-06-09 17:04:58] [WARN    ] LOGIN_FAIL — Attempt 4/5 — User: Ryan Sahdev
[2026-06-09 17:04:58] [WARN    ] LOGIN_FAIL — Attempt 5/5 — User: Ryan Sahdev
[2026-06-09 17:04:58] [CRITICAL] LOGIN_LOCKOUT — Account locked for 30s after repeated failures
[2026-06-10 11:18:16] [INFO    ] LOGIN_SUCCESS — User: Ryan Sahdev
[2026-06-10 11:24:24] [WARN    ] LOGIN_FAIL — Attempt 1/5 — User: Ryan Sahdev
[2026-06-10 11:24:26] [INFO    ] LOGIN_SUCCESS — User: Ryan Sahdev
[2026-06-10 11:24:45] [WARN    ] SUDO_ATTEMPT — bios
[2026-06-10 11:24:49] [WARN    ] SUDO_ATTEMPT — apt delete
[2026-06-10 11:24:49] [CRITICAL] SUDO_BLOCKED — apt delete
[2026-06-10 11:24:54] [WARN    ] SUDO_ATTEMPT — apt unblocked
[2026-06-10 11:24:58] [INFO    ] TERMINAL_EXEC — unblock
[2026-06-10 11:26:26] [INFO    ] LOGIN_SUCCESS — User: Ryan Sahdev
[2026-06-10 11:27:07] [INFO    ] LOGIN_SUCCESS — User: Ryan Sahdev
[2026-06-10 16:55:56] [INFO    ] LOGIN_SUCCESS — User: Ryan Sahdev
[2026-06-10 16:56:17] [WARN    ] SUDO_ATTEMPT — kill
[2026-06-10 16:56:19] [WARN    ] SUDO_ATTEMPT — apt delete
[2026-06-10 16:56:19] [CRITICAL] SUDO_BLOCKED — apt delete
[2026-06-10 16:56:25] [WARN    ] SUDO_ATTEMPT — apt install virsu
[2026-06-10 17:07:53] [INFO    ] LOGIN_SUCCESS — User: Ryan Sahdev
[2026-06-10 17:09:05] [CRITICAL] WINDOWS_UNINSTALLED — All state wiped
[2026-06-10 17:10:54] [INFO    ] OOBE_COMPLETE — User: Ryan Sahdev
[2026-06-10 17:11:24] [INFO    ] LOGIN_SUCCESS — User: Ryan Sahdev Sahdev
[2026-06-10 17:12:50] [WARN    ] BIOS_HARD_RESET
[2026-06-10 17:13:12] [CRITICAL] WINDOWS_UNINSTALLED — All state wiped
[2026-06-10 17:19:38] [INFO    ] LOGIN_SUCCESS — User: Ryan Sahdev
[2026-06-10 17:20:41] [CRITICAL] WINDOWS_UNINSTALLED — All state wiped
[2026-06-10 17:24:05] [INFO    ] OOBE_COMPLETE — User: Ryan Sahdev
[2026-06-10 17:24:55] [INFO    ] LOGIN_SUCCESS — User: Ryan Sahdev Sahdev
[2026-06-10 17:26:54] [INFO    ] LOGIN_SUCCESS — User: Ryan Sahdev Sahdev
[2026-06-10 17:28:32] [WARN    ] SUDO_ATTEMPT — apt delete
[2026-06-10 17:28:32] [CRITICAL] SUDO_BLOCKED — apt delete
[2026-06-10 17:31:16] [CRITICAL] WINDOWS_UNINSTALLED — All state wiped
[2026-06-10 17:33:47] [INFO    ] OOBE_COMPLETE — User: Ryan Sahdev
[2026-06-10 17:35:07] [INFO    ] LOGIN_SUCCESS — User: Ryan Sahdev
[2026-06-10 22:01:10] [WARN    ] LOGIN_FAIL — Attempt 1/5 — User: Ryan Sahdev
[2026-06-10 22:01:13] [INFO    ] LOGIN_SUCCESS — User: Ryan Sahdev
[2026-06-10 22:03:05] [CRITICAL] WINDOWS_UNINSTALLED — All state wiped
[2026-06-10 22:04:14] [INFO    ] OOBE_COMPLETE — User: Ryan
[2026-06-10 22:04:39] [INFO    ] LOGIN_SUCCESS — User: Ryan Sahdev
[2026-06-11 12:35:45] [INFO    ] LOGIN_SUCCESS — User: Ryan Sahdev
[2026-06-11 12:36:09] [INFO    ] ACTIVATION_SUCCESS — Key BK143
[2026-06-11 12:36:49] [INFO    ] TERMINAL_EXEC — crash
[2026-06-11 12:36:53] [CRITICAL] BSOD — 0x0000007F UNEXPECTED_KERNEL_MODE_TRAP
[2026-06-11 12:37:30] [WARN    ] LOGIN_FAIL — Attempt 1/5 — User: Ryan Sahdev
[2026-06-11 12:37:32] [INFO    ] LOGIN_SUCCESS — User: Ryan Sahdev
[2026-06-11 12:38:04] [CRITICAL] WINDOWS_UNINSTALLED — All state wiped
[2026-06-11 12:47:09] [INFO    ] OOBE_COMPLETE — User: Ryan  Sahdev
[2026-06-11 12:47:33] [INFO    ] LOGIN_SUCCESS — User: Ryan Sahdev
[2026-06-11 12:48:34] [INFO    ] ACTIVATION_SUCCESS — Key BK143
[2026-06-11 12:49:23] [WARN    ] SUDO_ATTEMPT — apt delete
[2026-06-11 12:49:23] [CRITICAL] SUDO_BLOCKED — apt delete
[2026-06-11 12:49:27] [WARN    ] SUDO_ATTEMPT — kill
[2026-06-11 12:49:35] [CRITICAL] BSOD — 0x000000D1 DRIVER_IRQL_NOT_LESS_OR_EQUAL
[2026-06-11 14:07:15] [WARN    ] LOGIN_FAIL — Attempt 1/5 — User: Ryan Sahdev
[2026-06-11 14:07:20] [INFO    ] LOGIN_SUCCESS — User: Ryan Sahdev
[2026-06-11 14:08:59] [WARN    ] LOGIN_FAIL — Attempt 1/5 — User: Ryan Sahdev
[2026-06-11 14:09:01] [WARN    ] LOGIN_FAIL — Attempt 2/5 — User: Ryan Sahdev
[2026-06-11 14:09:01] [WARN    ] LOGIN_FAIL — Attempt 3/5 — User: Ryan Sahdev
[2026-06-11 14:09:01] [WARN    ] LOGIN_FAIL — Attempt 4/5 — User: Ryan Sahdev
[2026-06-11 14:09:01] [WARN    ] LOGIN_FAIL — Attempt 5/5 — User: Ryan Sahdev
[2026-06-11 14:09:01] [CRITICAL] LOGIN_LOCKOUT — Account locked for 30s after repeated failures
[2026-06-11 14:09:32] [WARN    ] LOGIN_FAIL — Attempt 1/5 — User: Ryan Sahdev
[2026-06-11 14:09:37] [INFO    ] LOGIN_SUCCESS — User: Ryan Sahdev
[2026-06-11 14:11:10] [CRITICAL] WINDOWS_UNINSTALLED — All state wiped
[2026-06-11 14:12:28] [INFO    ] OOBE_COMPLETE — User: Ryan Sahdev
[2026-06-11 14:13:31] [INFO    ] LOGIN_SUCCESS — User: Ryan Sahdev
[2026-06-11 14:15:20] [WARN    ] SUDO_ATTEMPT — apt delete
[2026-06-11 14:15:20] [CRITICAL] SUDO_BLOCKED — apt delete
[2026-06-11 14:15:22] [WARN    ] SUDO_ATTEMPT — unlck
[2026-06-11 14:15:25] [WARN    ] SUDO_ATTEMPT — help
[2026-06-11 14:15:46] [INFO    ] TERMINAL_EXEC — Unistall
[2026-06-11 14:16:12] [INFO    ] TERMINAL_EXEC — ERASE
[2026-06-11 14:16:15] [INFO    ] TERMINAL_EXEC — Erase
[2026-06-11 14:16:16] [INFO    ] TERMINAL_EXEC — erase
[2026-06-11 14:16:24] [INFO    ] TERMINAL_EXEC — taskkill
[2026-06-11 14:16:34] [INFO    ] TERMINAL_EXEC — taskkill PID
[2026-06-11 14:16:47] [INFO    ] TERMINAL_EXEC — taskkill /?
[2026-06-11 14:17:06] [INFO    ] TERMINAL_EXEC — taskkill /IM notepad.exe
[2026-06-11 14:17:31] [INFO    ] ACTIVATION_SUCCESS — Key BK143
[2026-06-11 14:17:35] [INFO    ] ACTIVATION_SUCCESS — Key BK143
[2026-06-11 14:17:39] [INFO    ] ACTIVATION_SUCCESS — Key BK143
[2026-06-11 14:17:43] [INFO    ] ACTIVATION_SUCCESS — Key BK143
[2026-06-11 14:18:00] [WARN    ] SUDO_ATTEMPT — restart
[2026-06-11 14:18:13] [INFO    ] LOGIN_SUCCESS — User: Ryan Sahdev
[2026-06-11 17:14:47] [INFO    ] LOGIN_SUCCESS — User: Ryan Sahdev
[2026-06-11 17:15:46] [WARN    ] LOGIN_FAIL — Attempt 1/5 — User: Ryan Sahdev
[2026-06-11 17:15:50] [INFO    ] LOGIN_SUCCESS — User: Ryan Sahdev
[2026-06-11 17:18:49] [INFO    ] LOGIN_SUCCESS — User: Ryan Sahdev
[2026-06-11 17:19:19] [WARN    ] SUDO_ATTEMPT — apt delete
[2026-06-11 17:19:19] [CRITICAL] SUDO_BLOCKED_SECURITY_ON — apt delete
[2026-06-11 17:20:14] [INFO    ] LOGIN_SUCCESS — User: Ryan Sahdev
[2026-06-11 17:20:33] [WARN    ] SUDO_ATTEMPT — apt delete
[2026-06-11 17:20:33] [CRITICAL] SUDO_BLOCKED_SECURITY_ON — apt delete
[2026-06-11 17:22:16] [INFO    ] LOGIN_SUCCESS — User: Ryan Sahdev
[2026-06-11 17:22:33] [WARN    ] SUDO_ATTEMPT — apt delete
[2026-06-11 17:22:33] [CRITICAL] SUDO_BLOCKED_SECURITY_ON — apt delete
[2026-06-11 17:23:38] [INFO    ] BIOS_DRIVERS_INSTALLED
[2026-06-11 17:23:45] [WARN    ] LOGIN_FAIL — Attempt 1/5 — User: Ryan Sahdev
[2026-06-11 17:23:48] [INFO    ] LOGIN_SUCCESS — User: Ryan Sahdev
[2026-06-11 17:29:59] [INFO    ] LOGIN_SUCCESS — User: Ryan Sahdev
[2026-06-11 17:30:20] [WARN    ] SUDO_ATTEMPT — apt delete
[2026-06-11 17:30:20] [WARN    ] SUDO_PASSWORD_PROMPTED — apt delete
[2026-06-11 17:30:25] [CRITICAL] SUDO_PASSWORD_AUTH_OK — Unlocked for: apt delete
[2026-06-11 17:30:47] [WARN    ] SUDO_ATTEMPT — apt delete
[2026-06-11 17:30:47] [CRITICAL] SUDO_DESTRUCTIVE_ALLOWED — apt delete
[2026-06-11 17:30:59] [WARN    ] SUDO_ATTEMPT — apt delete
[2026-06-11 17:30:59] [CRITICAL] SUDO_DESTRUCTIVE_ALLOWED — apt delete
[2026-06-11 17:31:35] [CRITICAL] BSOD — 0x0000007B INACCESSIBLE_BOOT_DEVICE
[2026-06-11 17:31:57] [INFO    ] LOGIN_SUCCESS — User: Ryan Sahdev
[2026-06-11 17:32:05] [CRITICAL] BSOD — 0x0000007B INACCESSIBLE_BOOT_DEVICE
[2026-06-11 17:34:01] [INFO    ] LOGIN_SUCCESS — User: Ryan Sahdev
[2026-06-11 17:34:08] [CRITICAL] BSOD — 0x0000007B INACCESSIBLE_BOOT_DEVICE
[2026-06-12 12:59:08] [INFO    ] LOGIN_SUCCESS — User: Ryan Sahdev
[2026-06-12 12:59:16] [CRITICAL] BSOD — 0x0000007B INACCESSIBLE_BOOT_DEVICE
[2026-06-12 13:07:32] [INFO    ] LOGIN_SUCCESS — User: Ryan Sahdev
[2026-06-12 13:07:39] [CRITICAL] BSOD — 0x0000007B INACCESSIBLE_BOOT_DEVICE
[2026-06-12 13:07:55] [WARN    ] LOGIN_FAIL — Attempt 1/5 — User: Ryan Sahdev
[2026-06-12 13:07:58] [INFO    ] LOGIN_SUCCESS — User: Ryan Sahdev
[2026-06-12 13:08:05] [CRITICAL] BSOD — 0x0000007B INACCESSIBLE_BOOT_DEVICE
[2026-06-12 13:08:21] [INFO    ] LOGIN_SUCCESS — User: Ryan Sahdev
[2026-06-12 13:08:28] [CRITICAL] BSOD — 0x0000007B INACCESSIBLE_BOOT_DEVICE
[2026-06-12 13:08:45] [INFO    ] LOGIN_SUCCESS — User: Ryan Sahdev
[2026-06-12 13:08:52] [CRITICAL] BSOD — 0x0000007B INACCESSIBLE_BOOT_DEVICE
[2026-06-12 13:09:18] [WARN    ] LOGIN_FAIL — Attempt 1/5 — User: Ryan Sahdev
[2026-06-12 13:09:19] [WARN    ] LOGIN_FAIL — Attempt 2/5 — User: Ryan Sahdev
[2026-06-12 13:14:53] [INFO    ] LOGIN_SUCCESS — User: Ryan Sahdev
[2026-06-12 13:15:00] [CRITICAL] BSOD — 0x0000007B INACCESSIBLE_BOOT_DEVICE
[2026-06-12 13:15:13] [INFO    ] LOGIN_SUCCESS — User: Ryan Sahdev
[2026-06-12 13:15:14] [INFO    ] LOGIN_SUCCESS — User: Ryan Sahdev
[2026-06-12 13:15:14] [WARN    ] LOGIN_FAIL — Attempt 1/5 — User: Ryan Sahdev
[2026-06-12 13:15:15] [WARN    ] LOGIN_FAIL — Attempt 2/5 — User: Ryan Sahdev
[2026-06-12 13:15:15] [WARN    ] LOGIN_FAIL — Attempt 3/5 — User: Ryan Sahdev
[2026-06-12 13:15:15] [WARN    ] LOGIN_FAIL — Attempt 4/5 — User: Ryan Sahdev
[2026-06-12 13:15:16] [WARN    ] LOGIN_FAIL — Attempt 5/5 — User: Ryan Sahdev
[2026-06-12 13:15:16] [CRITICAL] LOGIN_LOCKOUT — Account locked for 30s after repeated failures
[2026-06-12 13:15:21] [CRITICAL] BSOD — 0x0000007B INACCESSIBLE_BOOT_DEVICE
[2026-06-12 13:15:21] [CRITICAL] BSOD — 0x0000007B INACCESSIBLE_BOOT_DEVICE
[2026-06-12 13:15:46] [INFO    ] LOGIN_SUCCESS — User: Ryan Sahdev
[2026-06-12 13:15:53] [CRITICAL] BSOD — 0x0000007B INACCESSIBLE_BOOT_DEVICE
[2026-06-13 11:29:08] [INFO    ] LOGIN_SUCCESS — User: Ryan Sahdev
[2026-06-13 11:29:15] [CRITICAL] BSOD — 0x0000007B INACCESSIBLE_BOOT_DEVICE
[2026-06-13 11:29:28] [INFO    ] LOGIN_SUCCESS — User: Ryan Sahdev
[2026-06-13 11:29:32] [WARN    ] LOGIN_FAIL — Attempt 1/5 — User: Ryan Sahdev
[2026-06-13 11:29:36] [CRITICAL] BSOD — 0x0000007B INACCESSIBLE_BOOT_DEVICE
[2026-06-13 11:29:41] [INFO    ] LOGIN_SUCCESS — User: Ryan Sahdev
[2026-06-13 11:29:48] [CRITICAL] BSOD — 0x0000007B INACCESSIBLE_BOOT_DEVICE
[2026-06-13 11:30:04] [INFO    ] LOGIN_SUCCESS — User: Ryan Sahdev
[2026-06-13 11:30:11] [CRITICAL] BSOD — 0x0000007B INACCESSIBLE_BOOT_DEVICE
[2026-06-13 11:30:33] [WARN    ] LOGIN_FAIL — Attempt 1/5 — User: Ryan Sahdev
[2026-06-13 11:30:34] [INFO    ] LOGIN_SUCCESS — User: Ryan Sahdev
[2026-06-13 11:30:41] [CRITICAL] BSOD — 0x0000007B INACCESSIBLE_BOOT_DEVICE
[2026-06-13 11:30:52] [INFO    ] LOGIN_SUCCESS — User: Ryan Sahdev
[2026-06-13 11:30:53] [INFO    ] LOGIN_SUCCESS — User: Ryan Sahdev
[2026-06-13 11:30:53] [INFO    ] LOGIN_SUCCESS — User: Ryan Sahdev
[2026-06-13 11:30:53] [INFO    ] LOGIN_SUCCESS — User: Ryan Sahdev
[2026-06-13 11:30:53] [INFO    ] LOGIN_SUCCESS — User: Ryan Sahdev
[2026-06-13 11:30:53] [INFO    ] LOGIN_SUCCESS — User: Ryan Sahdev
[2026-06-13 11:30:54] [INFO    ] LOGIN_SUCCESS — User: Ryan Sahdev
[2026-06-13 11:30:54] [INFO    ] LOGIN_SUCCESS — User: Ryan Sahdev
[2026-06-13 11:30:54] [INFO    ] LOGIN_SUCCESS — User: Ryan Sahdev
[2026-06-13 11:30:54] [INFO    ] LOGIN_SUCCESS — User: Ryan Sahdev
[2026-06-13 11:30:55] [INFO    ] LOGIN_SUCCESS — User: Ryan Sahdev
[2026-06-13 11:30:55] [INFO    ] LOGIN_SUCCESS — User: Ryan Sahdev
[2026-06-13 11:30:55] [INFO    ] LOGIN_SUCCESS — User: Ryan Sahdev
[2026-06-13 11:30:55] [INFO    ] LOGIN_SUCCESS — User: Ryan Sahdev
[2026-06-13 11:30:56] [INFO    ] LOGIN_SUCCESS — User: Ryan Sahdev
[2026-06-13 11:30:56] [INFO    ] LOGIN_SUCCESS — User: Ryan Sahdev
[2026-06-13 11:30:56] [INFO    ] LOGIN_SUCCESS — User: Ryan Sahdev
[2026-06-13 11:30:56] [INFO    ] LOGIN_SUCCESS — User: Ryan Sahdev
[2026-06-13 11:30:57] [INFO    ] LOGIN_SUCCESS — User: Ryan Sahdev
[2026-06-13 11:30:57] [INFO    ] LOGIN_SUCCESS — User: Ryan Sahdev
[2026-06-13 11:30:57] [INFO    ] LOGIN_SUCCESS — User: Ryan Sahdev
[2026-06-13 11:30:58] [INFO    ] LOGIN_SUCCESS — User: Ryan Sahdev
[2026-06-13 11:30:58] [INFO    ] LOGIN_SUCCESS — User: Ryan Sahdev
[2026-06-13 11:30:58] [INFO    ] LOGIN_SUCCESS — User: Ryan Sahdev
[2026-06-13 11:30:59] [INFO    ] LOGIN_SUCCESS — User: Ryan Sahdev
[2026-06-13 11:30:59] [INFO    ] LOGIN_SUCCESS — User: Ryan Sahdev
[2026-06-13 11:31:01] [CRITICAL] BSOD — 0x0000007B INACCESSIBLE_BOOT_DEVICE
[2026-06-13 11:31:01] [CRITICAL] BSOD — 0x0000007B INACCESSIBLE_BOOT_DEVICE
[2026-06-13 11:31:01] [CRITICAL] BSOD — 0x0000007B INACCESSIBLE_BOOT_DEVICE
[2026-06-13 11:31:01] [CRITICAL] BSOD — 0x0000007B INACCESSIBLE_BOOT_DEVICE
[2026-06-13 11:31:01] [CRITICAL] BSOD — 0x0000007B INACCESSIBLE_BOOT_DEVICE
[2026-06-13 11:31:01] [CRITICAL] BSOD — 0x0000007B INACCESSIBLE_BOOT_DEVICE
[2026-06-13 11:31:02] [CRITICAL] BSOD — 0x0000007B INACCESSIBLE_BOOT_DEVICE
[2026-06-13 11:31:02] [CRITICAL] BSOD — 0x0000007B INACCESSIBLE_BOOT_DEVICE
[2026-06-13 11:31:02] [CRITICAL] BSOD — 0x0000007B INACCESSIBLE_BOOT_DEVICE
[2026-06-13 11:31:03] [CRITICAL] BSOD — 0x0000007B INACCESSIBLE_BOOT_DEVICE
[2026-06-13 11:31:03] [CRITICAL] BSOD — 0x0000007B INACCESSIBLE_BOOT_DEVICE
[2026-06-13 11:31:03] [CRITICAL] BSOD — 0x0000007B INACCESSIBLE_BOOT_DEVICE
[2026-06-13 11:31:03] [CRITICAL] BSOD — 0x0000007B INACCESSIBLE_BOOT_DEVICE
[2026-06-13 11:31:03] [CRITICAL] BSOD — 0x0000007B INACCESSIBLE_BOOT_DEVICE
[2026-06-13 11:31:03] [CRITICAL] BSOD — 0x0000007B INACCESSIBLE_BOOT_DEVICE
[2026-06-13 11:31:04] [CRITICAL] BSOD — 0x0000007B INACCESSIBLE_BOOT_DEVICE
[2026-06-13 11:31:04] [CRITICAL] BSOD — 0x0000007B INACCESSIBLE_BOOT_DEVICE
[2026-06-13 11:31:04] [CRITICAL] BSOD — 0x0000007B INACCESSIBLE_BOOT_DEVICE
[2026-06-13 11:31:04] [CRITICAL] BSOD — 0x0000007B INACCESSIBLE_BOOT_DEVICE
[2026-06-13 11:31:04] [CRITICAL] BSOD — 0x0000007B INACCESSIBLE_BOOT_DEVICE
[2026-06-13 11:31:05] [CRITICAL] BSOD — 0x0000007B INACCESSIBLE_BOOT_DEVICE
[2026-06-13 11:31:05] [CRITICAL] BSOD — 0x0000007B INACCESSIBLE_BOOT_DEVICE
[2026-06-13 11:31:05] [CRITICAL] BSOD — 0x0000007B INACCESSIBLE_BOOT_DEVICE
[2026-06-13 11:31:06] [CRITICAL] BSOD — 0x0000007B INACCESSIBLE_BOOT_DEVICE
[2026-06-13 11:31:06] [CRITICAL] BSOD — 0x0000007B INACCESSIBLE_BOOT_DEVICE
[2026-06-13 11:31:06] [CRITICAL] BSOD — 0x0000007B INACCESSIBLE_BOOT_DEVICE
[2026-06-13 11:31:19] [WARN    ] LOGIN_FAIL — Attempt 1/5 — User: Ryan Sahdev
[2026-06-13 11:35:56] [WARN    ] LOGIN_FAIL — Attempt 1/5 — User: Ryan Sahdev
[2026-06-13 11:35:57] [WARN    ] LOGIN_FAIL — Attempt 2/5 — User: Ryan Sahdev
[2026-06-13 11:36:00] [INFO    ] LOGIN_SUCCESS — User: Ryan Sahdev
[2026-06-13 11:36:07] [CRITICAL] BSOD — 0x0000007B INACCESSIBLE_BOOT_DEVICE
[2026-06-13 11:49:34] [WARN    ] LOGIN_FAIL — Attempt 1/5 — User: Ryan Sahdev
[2026-06-13 11:49:36] [WARN    ] LOGIN_FAIL — Attempt 2/5 — User: Ryan Sahdev
[2026-06-13 11:49:39] [WARN    ] LOGIN_FAIL — Attempt 3/5 — User: Ryan Sahdev
[2026-06-13 11:49:42] [INFO    ] LOGIN_SUCCESS — User: Ryan Sahdev
[2026-06-13 11:49:50] [CRITICAL] BSOD — 0x0000007B INACCESSIBLE_BOOT_DEVICE
[2026-06-13 11:50:13] [CRITICAL] WINDOWS_UNINSTALLED — All state wiped
[2026-06-13 11:51:53] [INFO    ] OOBE_COMPLETE — User: Ryan Sahdev
[2026-06-13 11:52:31] [INFO    ] LOGIN_SUCCESS — User: Ryan Sahdev
[2026-06-13 11:52:55] [INFO    ] ACTIVATION_SUCCESS — Key BK143
[2026-06-13 11:54:58] [INFO    ] LOGIN_SUCCESS — User: Ryan Sahdev
[2026-06-13 12:00:23] [WARN    ] LOGIN_FAIL — Attempt 1/5 — User: Ryan Sahdev
[2026-06-13 12:00:24] [INFO    ] LOGIN_SUCCESS — User: Ryan Sahdev
[2026-06-13 12:00:51] [WARN    ] SUDO_ATTEMPT — apt delete
[2026-06-13 12:00:51] [WARN    ] SUDO_PASSWORD_PROMPTED — apt delete
[2026-06-13 12:00:55] [WARN    ] SUDO_PASSWORD_FAIL — Attempt 1
[2026-06-13 12:01:05] [WARN    ] SUDO_ATTEMPT — apt delete
[2026-06-13 12:01:05] [WARN    ] SUDO_PASSWORD_PROMPTED — apt delete
[2026-06-13 12:01:08] [WARN    ] SUDO_PASSWORD_FAIL — Attempt 1
[2026-06-13 12:01:14] [WARN    ] SUDO_ATTEMPT — reset
[2026-06-13 12:01:16] [INFO    ] TERMINAL_EXEC — reset
[2026-06-13 12:01:26] [INFO    ] TERMINAL_EXEC — print hi
[2026-06-13 16:51:06] [WARN    ] LOGIN_FAIL — Attempt 1/5 — User: Ryan Sahdev
[2026-06-13 16:51:08] [INFO    ] LOGIN_SUCCESS — User: Ryan Sahdev
[2026-06-13 16:52:12] [WARN    ] SUDO_ATTEMPT — apt delete
[2026-06-13 16:52:12] [WARN    ] SUDO_PASSWORD_PROMPTED — apt delete
[2026-06-13 16:52:14] [CRITICAL] SUDO_PASSWORD_AUTH_OK — Unlocked for: apt delete
[2026-06-13 16:52:24] [WARN    ] SUDO_ATTEMPT — apt delete
[2026-06-13 16:52:24] [CRITICAL] SUDO_DESTRUCTIVE_ALLOWED — apt delete
[2026-06-13 16:52:31] [CRITICAL] BSOD — 0x0000007B INACCESSIBLE_BOOT_DEVICE
[2026-06-13 16:53:26] [INFO    ] OOBE_COMPLETE — User: Ryan Sahdev
[2026-06-13 23:42:15] [INFO    ] LOGIN_SUCCESS — User: Ryan Sahdev
[2026-06-13 23:43:38] [WARN    ] SUDO_ATTEMPT — apt delete
[2026-06-13 23:43:38] [WARN    ] SUDO_PASSWORD_PROMPTED — apt delete
[2026-06-13 23:43:43] [CRITICAL] SUDO_PASSWORD_AUTH_OK — Unlocked for: apt delete
[2026-06-13 23:43:50] [WARN    ] SUDO_ATTEMPT — repair
[2026-06-13 23:43:53] [WARN    ] SUDO_ATTEMPT — repair
[2026-06-13 23:43:58] [WARN    ] SUDO_ATTEMPT — apt repair
[2026-06-13 23:44:00] [CRITICAL] BSOD — 0x0000007B INACCESSIBLE_BOOT_DEVICE
[2026-06-13 23:45:21] [INFO    ] OOBE_COMPLETE — User: Ryan
[2026-06-13 23:49:06] [INFO    ] LOGIN_SUCCESS — User: Ryan Sahdev
[2026-06-13 23:50:18] [WARN    ] SUDO_ATTEMPT — apt delete
[2026-06-13 23:50:18] [WARN    ] SUDO_PASSWORD_PROMPTED — apt delete
[2026-06-13 23:50:25] [INFO    ] TERMINAL_EXEC — cancel
[2026-06-13 23:50:27] [INFO    ] TERMINAL_EXEC — stop
[2026-06-13 23:50:31] [WARN    ] SUDO_PASSWORD_FAIL — Attempt 1
[2026-06-13 23:53:21] [INFO    ] LOGIN_SUCCESS — User: Ryan Sahdev
[2026-06-13 23:53:41] [INFO    ] LOGIN_SUCCESS — User: Ryan Sahdev
[2026-06-13 23:53:44] [INFO    ] LOGIN_SUCCESS — User: Ryan Sahdev
[2026-06-14 00:00:46] [INFO    ] LOGIN_SUCCESS — User: Ryan Sahdev
[2026-06-14 11:03:24] [INFO    ] LOGIN_SUCCESS — User: Ryan Sahdev
[2026-06-14 11:07:30] [WARN    ] SUDO_ATTEMPT — apt delete
[2026-06-14 11:07:30] [WARN    ] SUDO_PASSWORD_PROMPTED — apt delete
[2026-06-14 11:07:34] [CRITICAL] SUDO_PASSWORD_AUTH_OK — Unlocked for: apt delete
[2026-06-14 11:07:43] [WARN    ] SUDO_ATTEMPT — reboot
[2026-06-14 11:07:45] [CRITICAL] BSOD — 0x000000F4 CRITICAL_OBJECT_TERMINATION
[2026-06-14 11:08:33] [INFO    ] OOBE_COMPLETE — User: Ryan
[2026-06-14 19:56:25] [INFO    ] LOGIN_SUCCESS — User: Ryan Sahdev
[2026-06-14 19:59:24] [INFO    ] LOGIN_SUCCESS — User: Ryan Sahdev
[2026-06-14 20:01:08] [WARN    ] BIOS_HARD_RESET
[2026-06-14 20:01:50] [WARN    ] LOGIN_FAIL — Attempt 1/5 — User: Ryan Sahdev
[2026-06-14 20:01:53] [INFO    ] LOGIN_SUCCESS — User: Ryan Sahdev
[2026-06-14 20:02:13] [INFO    ] LOGIN_SUCCESS — User: Ryan Sahdev
[2026-06-14 20:02:15] [INFO    ] LOGIN_SUCCESS — User: Ryan Sahdev
[2026-06-15 10:51:17] [INFO    ] LOGIN_SUCCESS — User: Ryan Sahdev
[2026-06-15 10:52:54] [WARN    ] SUDO_ATTEMPT — apt delete
[2026-06-15 10:52:54] [WARN    ] SUDO_PASSWORD_PROMPTED — apt delete
[2026-06-15 10:52:59] [CRITICAL] SUDO_PASSWORD_AUTH_OK — Unlocked for: apt delete
[2026-06-15 10:53:16] [CRITICAL] BSOD — 0x0000007B INACCESSIBLE_BOOT_DEVICE
[2026-06-19 13:46:23] [WARN    ] LOGIN_FAIL — Attempt 1/5 — User: I Account
[2026-06-19 13:46:24] [WARN    ] LOGIN_FAIL — Attempt 2/5 — User: I Account
[2026-06-19 13:46:29] [WARN    ] LOGIN_FAIL — Attempt 3/5 — User: I Account
[2026-06-19 14:10:36] [WARN    ] LOGIN_FAIL — Attempt 1/5 — User: I Account
[2026-06-19 14:10:38] [WARN    ] LOGIN_FAIL — Attempt 2/5 — User: I Account
[2026-06-19 14:10:38] [WARN    ] LOGIN_FAIL — Attempt 3/5 — User: I Account
[2026-06-19 14:10:38] [WARN    ] LOGIN_FAIL — Attempt 4/5 — User: I Account
[2026-06-19 14:10:38] [WARN    ] LOGIN_FAIL — Attempt 5/5 — User: I Account
[2026-06-19 14:10:38] [CRITICAL] LOGIN_LOCKOUT — Account locked for 30s after repeated failures
[2026-06-19 14:11:08] [WARN    ] LOGIN_FAIL — Attempt 1/5 — User: Generic Account
[2026-06-19 14:11:09] [WARN    ] LOGIN_FAIL — Attempt 2/5 — User: Generic Account
[2026-06-19 14:11:11] [WARN    ] LOGIN_FAIL — Attempt 3/5 — User: Generic Account
[2026-06-19 14:11:14] [WARN    ] LOGIN_FAIL — Attempt 4/5 — User: Generic Account
[2026-06-19 14:11:17] [WARN    ] LOGIN_FAIL — Attempt 5/5 — User: Generic Account
[2026-06-19 14:11:17] [CRITICAL] LOGIN_LOCKOUT — Account locked for 30s after repeated failures
